# JRE version: OpenJDK Runtime Environment AdoptOpenJDK-dcevm-11.0.11+1-202105021746 (11.0.11+1) (build 11.0.11+1-202105021746)
# Java VM: Dynamic Code Evolution 64-Bit Server VM AdoptOpenJDK-dcevm-11.0.11+1-202105021746 (11.0.11+1-202105021746, mixed mode, tiered, compressed oops, g1 gc, windows-amd64)
Heap:
 garbage-first heap   total 262144K, used 112366K [0x0000000701000000, 0x0000000800000000)
  region size 1024K, 98 young (100352K), 20 survivors (20480K)
 Metaspace       used 68391K, capacity 69501K, committed 69584K, reserved 1107968K
  class space    used 10204K, capacity 10585K, committed 10624K, reserved 1048576K
GC Heap History (14 events):
Event: 0.590 GC heap before
{Heap before GC invocations=0 (full 0):
 garbage-first heap   total 262144K, used 28672K [0x0000000701000000, 0x0000000800000000)
  region size 1024K, 24 young (24576K), 0 survivors (0K)
 Metaspace       used 9712K, capacity 9816K, committed 9984K, reserved 1058816K
  class space    used 890K, capacity 947K, committed 1024K, reserved 1048576K
}
Event: 0.596 GC heap after
{Heap after GC invocations=1 (full 0):
 garbage-first heap   total 262144K, used 12441K [0x0000000701000000, 0x0000000800000000)
  region size 1024K, 3 young (3072K), 3 survivors (3072K)
 Metaspace       used 9712K, capacity 9816K, committed 9984K, reserved 1058816K
  class space    used 890K, capacity 947K, committed 1024K, reserved 1048576K
}
Event: 96.072 GC heap before
{Heap before GC invocations=1 (full 0):
 garbage-first heap   total 262144K, used 65689K [0x0000000701000000, 0x0000000800000000)
  region size 1024K, 56 young (57344K), 3 survivors (3072K)
 Metaspace       used 16665K, capacity 16905K, committed 17280K, reserved 1064960K
  class space    used 1707K, capacity 1797K, committed 1920K, reserved 1048576K
}
Event: 96.080 GC heap after
{Heap after GC invocations=2 (full 0):
 garbage-first heap   total 262144K, used 13944K [0x0000000701000000, 0x0000000800000000)
  region size 1024K, 5 young (5120K), 5 survivors (5120K)
 Metaspace       used 16665K, capacity 16905K, committed 17280K, reserved 1064960K
  class space    used 1707K, capacity 1797K, committed 1920K, reserved 1048576K
}
Event: 96.510 GC heap before
{Heap before GC invocations=2 (full 0):
 garbage-first heap   total 262144K, used 31352K [0x0000000701000000, 0x0000000800000000)
  region size 1024K, 24 young (24576K), 5 survivors (5120K)
 Metaspace       used 20811K, capacity 21030K, committed 21296K, reserved 1067008K
  class space    used 2799K, capacity 2887K, committed 2944K, reserved 1048576K
}
Event: 96.518 GC heap after
{Heap after GC invocations=3 (full 0):
 garbage-first heap   total 262144K, used 15070K [0x0000000701000000, 0x0000000800000000)
  region size 1024K, 3 young (3072K), 3 survivors (3072K)
 Metaspace       used 20811K, capacity 21030K, committed 21296K, reserved 1067008K
  class space    used 2799K, capacity 2887K, committed 2944K, reserved 1048576K
}
Event: 97.599 GC heap before
{Heap before GC invocations=4 (full 0):
 garbage-first heap   total 262144K, used 81630K [0x0000000701000000, 0x0000000800000000)
  region size 1024K, 69 young (70656K), 3 survivors (3072K)
 Metaspace       used 29287K, capacity 29655K, committed 29872K, reserved 1075200K
  class space    used 4656K, capacity 4782K, committed 4864K, reserved 1048576K
}
Event: 97.608 GC heap after
{Heap after GC invocations=5 (full 0):
 garbage-first heap   total 262144K, used 18248K [0x0000000701000000, 0x0000000800000000)
  region size 1024K, 6 young (6144K), 6 survivors (6144K)
 Metaspace       used 29287K, capacity 29655K, committed 29872K, reserved 1075200K
  class space    used 4656K, capacity 4782K, committed 4864K, reserved 1048576K
}
Event: 98.367 GC heap before
{Heap before GC invocations=5 (full 0):
 garbage-first heap   total 262144K, used 74568K [0x0000000701000000, 0x0000000800000000)
  region size 1024K, 62 young (63488K), 6 survivors (6144K)
 Metaspace       used 35415K, capacity 35756K, committed 35920K, reserved 1079296K
  class space    used 6006K, capacity 6134K, committed 6144K, reserved 1048576K
}
Event: 98.391 GC heap after
{Heap after GC invocations=6 (full 0):
 garbage-first heap   total 262144K, used 20658K [0x0000000701000000, 0x0000000800000000)
  region size 1024K, 9 young (9216K), 9 survivors (9216K)
 Metaspace       used 35415K, capacity 35756K, committed 35920K, reserved 1079296K
  class space    used 6006K, capacity 6134K, committed 6144K, reserved 1048576K
}
Event: 99.290 GC heap before
{Heap before GC invocations=7 (full 0):
 garbage-first heap   total 262144K, used 126130K [0x0000000701000000, 0x0000000800000000)
  region size 1024K, 108 young (110592K), 9 survivors (9216K)
 Metaspace       used 47084K, capacity 47498K, committed 47696K, reserved 1089536K
  class space    used 7185K, capacity 7344K, committed 7424K, reserved 1048576K
}
Event: 99.301 GC heap after
{Heap after GC invocations=8 (full 0):
 garbage-first heap   total 262144K, used 25525K [0x0000000701000000, 0x0000000800000000)
  region size 1024K, 12 young (12288K), 12 survivors (12288K)
 Metaspace       used 47084K, capacity 47498K, committed 47696K, reserved 1089536K
  class space    used 7185K, capacity 7344K, committed 7424K, reserved 1048576K
}
Event: 100.610 GC heap before
{Heap before GC invocations=8 (full 0):
 garbage-first heap   total 262144K, used 150453K [0x0000000701000000, 0x0000000800000000)
  region size 1024K, 135 young (138240K), 12 survivors (12288K)
 Metaspace       used 59708K, capacity 60156K, committed 60240K, reserved 1099776K
  class space    used 9005K, capacity 9180K, committed 9216K, reserved 1048576K
}
Event: 100.639 GC heap after
{Heap after GC invocations=9 (full 0):
 garbage-first heap   total 262144K, used 34542K [0x0000000701000000, 0x0000000800000000)
  region size 1024K, 20 young (20480K), 20 survivors (20480K)
 Metaspace       used 59708K, capacity 60156K, committed 60240K, reserved 1099776K
  class space    used 9005K, capacity 9180K, committed 9216K, reserved 1048576K
}

