# JRE version: OpenJDK Runtime Environment AdoptOpenJDK-dcevm-11.0.11+1-202105021746 (11.0.11+1) (build 11.0.11+1-202105021746)
# Java VM: Dynamic Code Evolution 64-Bit Server VM AdoptOpenJDK-dcevm-11.0.11+1-202105021746 (11.0.11+1-202105021746, mixed mode, tiered, compressed oops, g1 gc, windows-amd64)
Heap:
 garbage-first heap   total 262144K, used 98264K [0x0000000701000000, 0x0000000800000000)
  region size 1024K, 60 young (61440K), 7 survivors (7168K)
 Metaspace       used 101389K, capacity 118370K, committed 118400K, reserved 1142784K
  class space    used 18700K, capacity 24182K, committed 24192K, reserved 1048576K
GC Heap History (20 events):
Event: 76400.755 GC heap before
{Heap before GC invocations=133 (full 0):
 garbage-first heap   total 262144K, used 194342K [0x0000000701000000, 0x0000000800000000)
  region size 1024K, 153 young (156672K), 2 survivors (2048K)
 Metaspace       used 72193K, capacity 74135K, committed 74240K, reserved 1112064K
  class space    used 10767K, capacity 11432K, committed 11520K, reserved 1048576K
}
Event: 76400.763 GC heap after
{Heap after GC invocations=134 (full 0):
 garbage-first heap   total 262144K, used 39992K [0x0000000701000000, 0x0000000800000000)
  region size 1024K, 2 young (2048K), 2 survivors (2048K)
 Metaspace       used 72193K, capacity 74135K, committed 74240K, reserved 1112064K
  class space    used 10767K, capacity 11432K, committed 11520K, reserved 1048576K
}
Event: 76582.870 GC heap before
{Heap before GC invocations=134 (full 0):
 garbage-first heap   total 262144K, used 194616K [0x0000000701000000, 0x0000000800000000)
  region size 1024K, 153 young (156672K), 2 survivors (2048K)
 Metaspace       used 75664K, capacity 79315K, committed 79616K, reserved 1116160K
  class space    used 11720K, capacity 12942K, committed 13056K, reserved 1048576K
}
Event: 76582.888 GC heap after
{Heap after GC invocations=135 (full 0):
 garbage-first heap   total 262144K, used 40350K [0x0000000701000000, 0x0000000800000000)
  region size 1024K, 2 young (2048K), 2 survivors (2048K)
 Metaspace       used 75664K, capacity 79315K, committed 79616K, reserved 1116160K
  class space    used 11720K, capacity 12942K, committed 13056K, reserved 1048576K
}
Event: 76606.873 GC heap before
{Heap before GC invocations=135 (full 0):
 garbage-first heap   total 262144K, used 194974K [0x0000000701000000, 0x0000000800000000)
  region size 1024K, 153 young (156672K), 2 survivors (2048K)
 Metaspace       used 79594K, capacity 85309K, committed 85376K, reserved 1120256K
  class space    used 12797K, capacity 14671K, committed 14720K, reserved 1048576K
}
Event: 76606.894 GC heap after
{Heap after GC invocations=136 (full 0):
 garbage-first heap   total 262144K, used 40943K [0x0000000701000000, 0x0000000800000000)
  region size 1024K, 3 young (3072K), 3 survivors (3072K)
 Metaspace       used 79594K, capacity 85309K, committed 85376K, reserved 1120256K
  class space    used 12797K, capacity 14671K, committed 14720K, reserved 1048576K
}
Event: 76636.950 GC heap before
{Heap before GC invocations=136 (full 0):
 garbage-first heap   total 262144K, used 194543K [0x0000000701000000, 0x0000000800000000)
  region size 1024K, 153 young (156672K), 3 survivors (3072K)
 Metaspace       used 82968K, capacity 90305K, committed 90368K, reserved 1124352K
  class space    used 13679K, capacity 16082K, committed 16128K, reserved 1048576K
}
Event: 76636.963 GC heap after
{Heap after GC invocations=137 (full 0):
 garbage-first heap   total 262144K, used 41541K [0x0000000701000000, 0x0000000800000000)
  region size 1024K, 4 young (4096K), 4 survivors (4096K)
 Metaspace       used 82968K, capacity 90305K, committed 90368K, reserved 1124352K
  class space    used 13679K, capacity 16082K, committed 16128K, reserved 1048576K
}
Event: 76783.184 GC heap before
{Heap before GC invocations=137 (full 0):
 garbage-first heap   total 262144K, used 194117K [0x0000000701000000, 0x0000000800000000)
  region size 1024K, 153 young (156672K), 4 survivors (4096K)
 Metaspace       used 87263K, capacity 96822K, committed 96896K, reserved 1128448K
  class space    used 14884K, capacity 18028K, committed 18048K, reserved 1048576K
}
Event: 76783.209 GC heap after
{Heap after GC invocations=138 (full 0):
 garbage-first heap   total 262144K, used 42377K [0x0000000701000000, 0x0000000800000000)
  region size 1024K, 4 young (4096K), 4 survivors (4096K)
 Metaspace       used 87263K, capacity 96822K, committed 96896K, reserved 1128448K
  class space    used 14884K, capacity 18028K, committed 18048K, reserved 1048576K
}
Event: 76797.735 GC heap before
{Heap before GC invocations=138 (full 0):
 garbage-first heap   total 262144K, used 160137K [0x0000000701000000, 0x0000000800000000)
  region size 1024K, 120 young (122880K), 4 survivors (4096K)
 Metaspace       used 89661K, capacity 100470K, committed 100480K, reserved 1130496K
  class space    used 15538K, capacity 19062K, committed 19072K, reserved 1048576K
}
Event: 76797.766 GC heap after
{Heap after GC invocations=139 (full 0):
 garbage-first heap   total 262144K, used 42789K [0x0000000701000000, 0x0000000800000000)
  region size 1024K, 5 young (5120K), 5 survivors (5120K)
 Metaspace       used 89661K, capacity 100470K, committed 100480K, reserved 1130496K
  class space    used 15538K, capacity 19062K, committed 19072K, reserved 1048576K
}
Event: 76817.406 GC heap before
{Heap before GC invocations=140 (full 0):
 garbage-first heap   total 262144K, used 194341K [0x0000000701000000, 0x0000000800000000)
  region size 1024K, 153 young (156672K), 5 survivors (5120K)
 Metaspace       used 92606K, capacity 104918K, committed 105088K, reserved 1134592K
  class space    used 16333K, capacity 20346K, committed 20352K, reserved 1048576K
}
Event: 76817.431 GC heap after
{Heap after GC invocations=141 (full 0):
 garbage-first heap   total 262144K, used 43471K [0x0000000701000000, 0x0000000800000000)
  region size 1024K, 5 young (5120K), 5 survivors (5120K)
 Metaspace       used 92606K, capacity 104918K, committed 105088K, reserved 1134592K
  class space    used 16333K, capacity 20346K, committed 20352K, reserved 1048576K
}
Event: 76836.569 GC heap before
{Heap before GC invocations=141 (full 0):
 garbage-first heap   total 262144K, used 195023K [0x0000000701000000, 0x0000000800000000)
  region size 1024K, 153 young (156672K), 5 survivors (5120K)
 Metaspace       used 95505K, capacity 109290K, committed 109440K, reserved 1136640K
  class space    used 17102K, capacity 21594K, committed 21632K, reserved 1048576K
}
Event: 76836.588 GC heap after
{Heap after GC invocations=142 (full 0):
 garbage-first heap   total 262144K, used 43967K [0x0000000701000000, 0x0000000800000000)
  region size 1024K, 6 young (6144K), 6 survivors (6144K)
 Metaspace       used 95505K, capacity 109290K, committed 109440K, reserved 1136640K
  class space    used 17102K, capacity 21594K, committed 21632K, reserved 1048576K
}
Event: 76854.270 GC heap before
{Heap before GC invocations=142 (full 0):
 garbage-first heap   total 262144K, used 194495K [0x0000000701000000, 0x0000000800000000)
  region size 1024K, 153 young (156672K), 6 survivors (6144K)
 Metaspace       used 98059K, capacity 113283K, committed 113408K, reserved 1140736K
  class space    used 17797K, capacity 22695K, committed 22784K, reserved 1048576K
}
Event: 76854.290 GC heap after
{Heap after GC invocations=143 (full 0):
 garbage-first heap   total 262144K, used 44398K [0x0000000701000000, 0x0000000800000000)
  region size 1024K, 6 young (6144K), 6 survivors (6144K)
 Metaspace       used 98059K, capacity 113283K, committed 113408K, reserved 1140736K
  class space    used 17797K, capacity 22695K, committed 22784K, reserved 1048576K
}
Event: 76872.121 GC heap before
{Heap before GC invocations=143 (full 0):
 garbage-first heap   total 262144K, used 194926K [0x0000000701000000, 0x0000000800000000)
  region size 1024K, 153 young (156672K), 6 survivors (6144K)
 Metaspace       used 100581K, capacity 117139K, committed 117376K, reserved 1142784K
  class space    used 18481K, capacity 23813K, committed 23936K, reserved 1048576K
}
Event: 76872.161 GC heap after
{Heap after GC invocations=144 (full 0):
 garbage-first heap   total 262144K, used 45016K [0x0000000701000000, 0x0000000800000000)
  region size 1024K, 7 young (7168K), 7 survivors (7168K)
 Metaspace       used 100581K, capacity 117139K, committed 117376K, reserved 1142784K
  class space    used 18481K, capacity 23813K, committed 23936K, reserved 1048576K
}

