# JRE version: OpenJDK Runtime Environment AdoptOpenJDK-dcevm-11.0.11+1-202105021746 (11.0.11+1) (build 11.0.11+1-202105021746)
# Java VM: Dynamic Code Evolution 64-Bit Server VM AdoptOpenJDK-dcevm-11.0.11+1-202105021746 (11.0.11+1-202105021746, mixed mode, tiered, compressed oops, g1 gc, windows-amd64)
Heap:
 garbage-first heap   total 262144K, used 166357K [0x0000000701000000, 0x0000000800000000)
  region size 1024K, 137 young (140288K), 11 survivors (11264K)
 Metaspace       used 70139K, capacity 72020K, committed 72228K, reserved 1110016K
  class space    used 10561K, capacity 11179K, committed 11264K, reserved 1048576K
GC Heap History (18 events):
Event: 0.603 GC heap before
{Heap before GC invocations=0 (full 0):
 garbage-first heap   total 262144K, used 28672K [0x0000000701000000, 0x0000000800000000)
  region size 1024K, 24 young (24576K), 0 survivors (0K)
 Metaspace       used 9776K, capacity 9883K, committed 9984K, reserved 1058816K
  class space    used 898K, capacity 948K, committed 1024K, reserved 1048576K
}
Event: 0.608 GC heap after
{Heap after GC invocations=1 (full 0):
 garbage-first heap   total 262144K, used 12558K [0x0000000701000000, 0x0000000800000000)
  region size 1024K, 3 young (3072K), 3 survivors (3072K)
 Metaspace       used 9776K, capacity 9883K, committed 9984K, reserved 1058816K
  class space    used 898K, capacity 948K, committed 1024K, reserved 1048576K
}
Event: 15.056 GC heap before
{Heap before GC invocations=1 (full 0):
 garbage-first heap   total 262144K, used 52494K [0x0000000701000000, 0x0000000800000000)
  region size 1024K, 43 young (44032K), 3 survivors (3072K)
 Metaspace       used 18764K, capacity 19034K, committed 19328K, reserved 1067008K
  class space    used 2314K, capacity 2417K, committed 2432K, reserved 1048576K
}
Event: 15.062 GC heap after
{Heap after GC invocations=2 (full 0):
 garbage-first heap   total 262144K, used 14784K [0x0000000701000000, 0x0000000800000000)
  region size 1024K, 6 young (6144K), 6 survivors (6144K)
 Metaspace       used 18764K, capacity 19034K, committed 19328K, reserved 1067008K
  class space    used 2314K, capacity 2417K, committed 2432K, reserved 1048576K
}
Event: 15.242 GC heap before
{Heap before GC invocations=2 (full 0):
 garbage-first heap   total 262144K, used 25024K [0x0000000701000000, 0x0000000800000000)
  region size 1024K, 17 young (17408K), 6 survivors (6144K)
 Metaspace       used 20751K, capacity 21018K, committed 21296K, reserved 1067008K
  class space    used 2844K, capacity 2929K, committed 2944K, reserved 1048576K
}
Event: 15.248 GC heap after
{Heap after GC invocations=3 (full 0):
 garbage-first heap   total 262144K, used 15361K [0x0000000701000000, 0x0000000800000000)
  region size 1024K, 3 young (3072K), 3 survivors (3072K)
 Metaspace       used 20751K, capacity 21018K, committed 21296K, reserved 1067008K
  class space    used 2844K, capacity 2929K, committed 2944K, reserved 1048576K
}
Event: 15.997 GC heap before
{Heap before GC invocations=4 (full 0):
 garbage-first heap   total 262144K, used 73729K [0x0000000701000000, 0x0000000800000000)
  region size 1024K, 61 young (62464K), 3 survivors (3072K)
 Metaspace       used 28552K, capacity 28868K, committed 29232K, reserved 1073152K
  class space    used 4581K, capacity 4691K, committed 4736K, reserved 1048576K
}
Event: 16.003 GC heap after
{Heap after GC invocations=5 (full 0):
 garbage-first heap   total 262144K, used 17901K [0x0000000701000000, 0x0000000800000000)
  region size 1024K, 6 young (6144K), 6 survivors (6144K)
 Metaspace       used 28552K, capacity 28868K, committed 29232K, reserved 1073152K
  class space    used 4581K, capacity 4691K, committed 4736K, reserved 1048576K
}
Event: 16.660 GC heap before
{Heap before GC invocations=5 (full 0):
 garbage-first heap   total 262144K, used 81389K [0x0000000701000000, 0x0000000800000000)
  region size 1024K, 69 young (70656K), 6 survivors (6144K)
 Metaspace       used 35188K, capacity 35478K, committed 35708K, reserved 1079296K
  class space    used 5980K, capacity 6106K, committed 6144K, reserved 1048576K
}
Event: 16.680 GC heap after
{Heap after GC invocations=6 (full 0):
 garbage-first heap   total 262144K, used 20663K [0x0000000701000000, 0x0000000800000000)
  region size 1024K, 9 young (9216K), 9 survivors (9216K)
 Metaspace       used 35188K, capacity 35478K, committed 35708K, reserved 1079296K
  class space    used 5980K, capacity 6106K, committed 6144K, reserved 1048576K
}
Event: 18.031 GC heap before
{Heap before GC invocations=7 (full 0):
 garbage-first heap   total 262144K, used 153783K [0x0000000701000000, 0x0000000800000000)
  region size 1024K, 135 young (138240K), 9 survivors (9216K)
 Metaspace       used 51063K, capacity 51470K, committed 51708K, reserved 1093632K
  class space    used 7620K, capacity 7747K, committed 7808K, reserved 1048576K
}
Event: 18.052 GC heap after
{Heap after GC invocations=8 (full 0):
 garbage-first heap   total 262144K, used 28012K [0x0000000701000000, 0x0000000800000000)
  region size 1024K, 16 young (16384K), 16 survivors (16384K)
 Metaspace       used 51063K, capacity 51470K, committed 51708K, reserved 1093632K
  class space    used 7620K, capacity 7747K, committed 7808K, reserved 1048576K
}
Event: 18.974 GC heap before
{Heap before GC invocations=8 (full 0):
 garbage-first heap   total 262144K, used 124268K [0x0000000701000000, 0x0000000800000000)
  region size 1024K, 111 young (113664K), 16 survivors (16384K)
 Metaspace       used 59255K, capacity 59830K, committed 59940K, reserved 1099776K
  class space    used 8975K, capacity 9189K, committed 9216K, reserved 1048576K
}
Event: 18.995 GC heap after
{Heap after GC invocations=9 (full 0):
 garbage-first heap   total 262144K, used 34927K [0x0000000701000000, 0x0000000800000000)
  region size 1024K, 17 young (17408K), 17 survivors (17408K)
 Metaspace       used 59255K, capacity 59830K, committed 59940K, reserved 1099776K
  class space    used 8975K, capacity 9189K, committed 9216K, reserved 1048576K
}
Event: 239.187 GC heap before
{Heap before GC invocations=10 (full 0):
 garbage-first heap   total 262144K, used 173167K [0x0000000701000000, 0x0000000800000000)
  region size 1024K, 153 young (156672K), 17 survivors (17408K)
 Metaspace       used 67943K, capacity 68836K, committed 69156K, reserved 1107968K
  class space    used 10076K, capacity 10398K, committed 10496K, reserved 1048576K
}
Event: 239.202 GC heap after
{Heap after GC invocations=11 (full 0):
 garbage-first heap   total 262144K, used 38589K [0x0000000701000000, 0x0000000800000000)
  region size 1024K, 12 young (12288K), 12 survivors (12288K)
 Metaspace       used 67943K, capacity 68836K, committed 69156K, reserved 1107968K
  class space    used 10076K, capacity 10398K, committed 10496K, reserved 1048576K
}
Event: 700.668 GC heap before
{Heap before GC invocations=11 (full 0):
 garbage-first heap   total 262144K, used 182973K [0x0000000701000000, 0x0000000800000000)
  region size 1024K, 153 young (156672K), 12 survivors (12288K)
 Metaspace       used 68794K, capacity 70070K, committed 70180K, reserved 1110016K
  class space    used 10235K, capacity 10674K, committed 10752K, reserved 1048576K
}
Event: 700.680 GC heap after
{Heap after GC invocations=12 (full 0):
 garbage-first heap   total 262144K, used 38357K [0x0000000701000000, 0x0000000800000000)
  region size 1024K, 11 young (11264K), 11 survivors (11264K)
 Metaspace       used 68794K, capacity 70070K, committed 70180K, reserved 1110016K
  class space    used 10235K, capacity 10674K, committed 10752K, reserved 1048576K
}

