# JRE version: OpenJDK Runtime Environment AdoptOpenJDK-dcevm-11.0.11+1-202105021746 (11.0.11+1) (build 11.0.11+1-202105021746)
# Java VM: Dynamic Code Evolution 64-Bit Server VM AdoptOpenJDK-dcevm-11.0.11+1-202105021746 (11.0.11+1-202105021746, mixed mode, tiered, compressed oops, g1 gc, windows-amd64)
Heap:
 garbage-first heap   total 262144K, used 46039K [0x0000000701000000, 0x0000000800000000)
  region size 1024K, 15 young (15360K), 9 survivors (9216K)
 Metaspace       used 82230K, capacity 89638K, committed 89852K, reserved 1122304K
  class space    used 13767K, capacity 16227K, committed 16256K, reserved 1048576K
GC Heap History (20 events):
Event: 572.568 GC heap before
{Heap before GC invocations=11 (full 0):
 garbage-first heap   total 262144K, used 163382K [0x0000000701000000, 0x0000000800000000)
  region size 1024K, 130 young (133120K), 4 survivors (4096K)
 Metaspace       used 60206K, capacity 61393K, committed 61436K, reserved 1101824K
  class space    used 9172K, capacity 9563K, committed 9600K, reserved 1048576K
}
Event: 572.579 GC heap after
{Heap after GC invocations=12 (full 0):
 garbage-first heap   total 262144K, used 35735K [0x0000000701000000, 0x0000000800000000)
  region size 1024K, 4 young (4096K), 4 survivors (4096K)
 Metaspace       used 60206K, capacity 61393K, committed 61436K, reserved 1101824K
  class space    used 9172K, capacity 9563K, committed 9600K, reserved 1048576K
}
Event: 1758.001 GC heap before
{Heap before GC invocations=12 (full 0):
 garbage-first heap   total 262144K, used 173975K [0x0000000701000000, 0x0000000800000000)
  region size 1024K, 139 young (142336K), 4 survivors (4096K)
 Metaspace       used 62960K, capacity 65474K, committed 65660K, reserved 1103872K
  class space    used 9893K, capacity 10714K, committed 10752K, reserved 1048576K
}
Event: 1758.014 GC heap after
{Heap after GC invocations=13 (full 0):
 garbage-first heap   total 262144K, used 35799K [0x0000000701000000, 0x0000000800000000)
  region size 1024K, 4 young (4096K), 4 survivors (4096K)
 Metaspace       used 62960K, capacity 65474K, committed 65660K, reserved 1103872K
  class space    used 9893K, capacity 10714K, committed 10752K, reserved 1048576K
}
Event: 1936.649 GC heap before
{Heap before GC invocations=13 (full 0):
 garbage-first heap   total 262144K, used 179159K [0x0000000701000000, 0x0000000800000000)
  region size 1024K, 145 young (148480K), 4 survivors (4096K)
 Metaspace       used 69077K, capacity 73359K, committed 73468K, reserved 1110016K
  class space    used 11174K, capacity 12601K, committed 12672K, reserved 1048576K
}
Event: 1936.662 GC heap after
{Heap after GC invocations=14 (full 0):
 garbage-first heap   total 262144K, used 36767K [0x0000000701000000, 0x0000000800000000)
  region size 1024K, 5 young (5120K), 5 survivors (5120K)
 Metaspace       used 69077K, capacity 73359K, committed 73468K, reserved 1110016K
  class space    used 11174K, capacity 12601K, committed 12672K, reserved 1048576K
}
Event: 1948.907 GC heap before
{Heap before GC invocations=14 (full 0):
 garbage-first heap   total 262144K, used 185247K [0x0000000701000000, 0x0000000800000000)
  region size 1024K, 151 young (154624K), 5 survivors (5120K)
 Metaspace       used 78587K, capacity 84289K, committed 84476K, reserved 1120256K
  class space    used 12772K, capacity 14662K, committed 14720K, reserved 1048576K
}
Event: 1948.920 GC heap after
{Heap after GC invocations=15 (full 0):
 garbage-first heap   total 262144K, used 39705K [0x0000000701000000, 0x0000000800000000)
  region size 1024K, 8 young (8192K), 8 survivors (8192K)
 Metaspace       used 78587K, capacity 84289K, committed 84476K, reserved 1120256K
  class space    used 12772K, capacity 14662K, committed 14720K, reserved 1048576K
}
Event: 1964.800 GC heap before
{Heap before GC invocations=15 (full 0):
 garbage-first heap   total 262144K, used 188185K [0x0000000701000000, 0x0000000800000000)
  region size 1024K, 153 young (156672K), 8 survivors (8192K)
 Metaspace       used 81756K, capacity 89018K, committed 89212K, reserved 1122304K
  class space    used 13669K, capacity 16096K, committed 16128K, reserved 1048576K
}
Event: 1964.814 GC heap after
{Heap after GC invocations=16 (full 0):
 garbage-first heap   total 262144K, used 40304K [0x0000000701000000, 0x0000000800000000)
  region size 1024K, 9 young (9216K), 9 survivors (9216K)
 Metaspace       used 81756K, capacity 89018K, committed 89212K, reserved 1122304K
  class space    used 13669K, capacity 16096K, committed 16128K, reserved 1048576K
}
Event: 2454.993 GC heap before
{Heap before GC invocations=16 (full 0):
 garbage-first heap   total 262144K, used 186736K [0x0000000701000000, 0x0000000800000000)
  region size 1024K, 153 young (156672K), 9 survivors (9216K)
 Metaspace       used 82001K, capacity 89313K, committed 89596K, reserved 1122304K
  class space    used 13724K, capacity 16168K, committed 16256K, reserved 1048576K
}
Event: 2455.005 GC heap after
{Heap after GC invocations=17 (full 0):
 garbage-first heap   total 262144K, used 41155K [0x0000000701000000, 0x0000000800000000)
  region size 1024K, 10 young (10240K), 10 survivors (10240K)
 Metaspace       used 82001K, capacity 89313K, committed 89596K, reserved 1122304K
  class space    used 13724K, capacity 16168K, committed 16256K, reserved 1048576K
}
Event: 3008.939 GC heap before
{Heap before GC invocations=17 (full 0):
 garbage-first heap   total 262144K, used 187587K [0x0000000701000000, 0x0000000800000000)
  region size 1024K, 153 young (156672K), 10 survivors (10240K)
 Metaspace       used 82008K, capacity 89313K, committed 89596K, reserved 1122304K
  class space    used 13724K, capacity 16168K, committed 16256K, reserved 1048576K
}
Event: 3008.950 GC heap after
{Heap after GC invocations=18 (full 0):
 garbage-first heap   total 262144K, used 41305K [0x0000000701000000, 0x0000000800000000)
  region size 1024K, 10 young (10240K), 10 survivors (10240K)
 Metaspace       used 82008K, capacity 89313K, committed 89596K, reserved 1122304K
  class space    used 13724K, capacity 16168K, committed 16256K, reserved 1048576K
}
Event: 3563.347 GC heap before
{Heap before GC invocations=18 (full 0):
 garbage-first heap   total 262144K, used 187737K [0x0000000701000000, 0x0000000800000000)
  region size 1024K, 153 young (156672K), 10 survivors (10240K)
 Metaspace       used 82020K, capacity 89313K, committed 89596K, reserved 1122304K
  class space    used 13724K, capacity 16168K, committed 16256K, reserved 1048576K
}
Event: 3563.359 GC heap after
{Heap after GC invocations=19 (full 0):
 garbage-first heap   total 262144K, used 41447K [0x0000000701000000, 0x0000000800000000)
  region size 1024K, 10 young (10240K), 10 survivors (10240K)
 Metaspace       used 82020K, capacity 89313K, committed 89596K, reserved 1122304K
  class space    used 13724K, capacity 16168K, committed 16256K, reserved 1048576K
}
Event: 4115.892 GC heap before
{Heap before GC invocations=19 (full 0):
 garbage-first heap   total 262144K, used 187879K [0x0000000701000000, 0x0000000800000000)
  region size 1024K, 153 young (156672K), 10 survivors (10240K)
 Metaspace       used 82057K, capacity 89441K, committed 89596K, reserved 1122304K
  class space    used 13728K, capacity 16168K, committed 16256K, reserved 1048576K
}
Event: 4115.902 GC heap after
{Heap after GC invocations=20 (full 0):
 garbage-first heap   total 262144K, used 41051K [0x0000000701000000, 0x0000000800000000)
  region size 1024K, 10 young (10240K), 10 survivors (10240K)
 Metaspace       used 82057K, capacity 89441K, committed 89596K, reserved 1122304K
  class space    used 13728K, capacity 16168K, committed 16256K, reserved 1048576K
}
Event: 4619.505 GC heap before
{Heap before GC invocations=20 (full 0):
 garbage-first heap   total 262144K, used 187483K [0x0000000701000000, 0x0000000800000000)
  region size 1024K, 153 young (156672K), 10 survivors (10240K)
 Metaspace       used 82174K, capacity 89586K, committed 89852K, reserved 1122304K
  class space    used 13756K, capacity 16210K, committed 16256K, reserved 1048576K
}
Event: 4619.519 GC heap after
{Heap after GC invocations=21 (full 0):
 garbage-first heap   total 262144K, used 40919K [0x0000000701000000, 0x0000000800000000)
  region size 1024K, 9 young (9216K), 9 survivors (9216K)
 Metaspace       used 82174K, capacity 89586K, committed 89852K, reserved 1122304K
  class space    used 13756K, capacity 16210K, committed 16256K, reserved 1048576K
}

