# JRE version: OpenJDK Runtime Environment AdoptOpenJDK-dcevm-11.0.11+1-202105021746 (11.0.11+1) (build 11.0.11+1-202105021746)
# Java VM: Dynamic Code Evolution 64-Bit Server VM AdoptOpenJDK-dcevm-11.0.11+1-202105021746 (11.0.11+1-202105021746, mixed mode, tiered, compressed oops, g1 gc, windows-amd64)
Heap:
 garbage-first heap   total 262144K, used 38702K [0x0000000701000000, 0x0000000800000000)
  region size 1024K, 8 young (8192K), 5 survivors (5120K)
 Metaspace       used 69146K, capacity 75038K, committed 75300K, reserved 1112064K
  class space    used 11621K, capacity 13480K, committed 13568K, reserved 1048576K
GC Heap History (18 events):
Event: 0.599 GC heap before
{Heap before GC invocations=0 (full 0):
 garbage-first heap   total 262144K, used 28672K [0x0000000701000000, 0x0000000800000000)
  region size 1024K, 24 young (24576K), 0 survivors (0K)
 Metaspace       used 9659K, capacity 9816K, committed 9984K, reserved 1058816K
  class space    used 885K, capacity 947K, committed 1024K, reserved 1048576K
}
Event: 0.603 GC heap after
{Heap after GC invocations=1 (full 0):
 garbage-first heap   total 262144K, used 12502K [0x0000000701000000, 0x0000000800000000)
  region size 1024K, 3 young (3072K), 3 survivors (3072K)
 Metaspace       used 9659K, capacity 9816K, committed 9984K, reserved 1058816K
  class space    used 885K, capacity 947K, committed 1024K, reserved 1048576K
}
Event: 4.837 GC heap before
{Heap before GC invocations=1 (full 0):
 garbage-first heap   total 262144K, used 61654K [0x0000000701000000, 0x0000000800000000)
  region size 1024K, 53 young (54272K), 3 survivors (3072K)
 Metaspace       used 20734K, capacity 21022K, committed 21296K, reserved 1067008K
  class space    used 2879K, capacity 2926K, committed 2944K, reserved 1048576K
}
Event: 4.846 GC heap after
{Heap after GC invocations=2 (full 0):
 garbage-first heap   total 262144K, used 14921K [0x0000000701000000, 0x0000000800000000)
  region size 1024K, 6 young (6144K), 6 survivors (6144K)
 Metaspace       used 20734K, capacity 21022K, committed 21296K, reserved 1067008K
  class space    used 2879K, capacity 2926K, committed 2944K, reserved 1048576K
}
Event: 5.073 GC heap before
{Heap before GC invocations=3 (full 0):
 garbage-first heap   total 262144K, used 33353K [0x0000000701000000, 0x0000000800000000)
  region size 1024K, 24 young (24576K), 6 survivors (6144K)
 Metaspace       used 22687K, capacity 22974K, committed 23216K, reserved 1069056K
  class space    used 3461K, capacity 3534K, committed 3584K, reserved 1048576K
}
Event: 5.078 GC heap after
{Heap after GC invocations=4 (full 0):
 garbage-first heap   total 262144K, used 16081K [0x0000000701000000, 0x0000000800000000)
  region size 1024K, 2 young (2048K), 2 survivors (2048K)
 Metaspace       used 22687K, capacity 22974K, committed 23216K, reserved 1069056K
  class space    used 3461K, capacity 3534K, committed 3584K, reserved 1048576K
}
Event: 5.708 GC heap before
{Heap before GC invocations=4 (full 0):
 garbage-first heap   total 262144K, used 84689K [0x0000000701000000, 0x0000000800000000)
  region size 1024K, 70 young (71680K), 2 survivors (2048K)
 Metaspace       used 30679K, capacity 30989K, committed 31408K, reserved 1075200K
  class space    used 4964K, capacity 5076K, committed 5120K, reserved 1048576K
}
Event: 5.712 GC heap after
{Heap after GC invocations=5 (full 0):
 garbage-first heap   total 262144K, used 19095K [0x0000000701000000, 0x0000000800000000)
  region size 1024K, 5 young (5120K), 5 survivors (5120K)
 Metaspace       used 30679K, capacity 30989K, committed 31408K, reserved 1075200K
  class space    used 4964K, capacity 5076K, committed 5120K, reserved 1048576K
}
Event: 6.105 GC heap before
{Heap before GC invocations=5 (full 0):
 garbage-first heap   total 262144K, used 88727K [0x0000000701000000, 0x0000000800000000)
  region size 1024K, 70 young (71680K), 5 survivors (5120K)
 Metaspace       used 35158K, capacity 35449K, committed 35708K, reserved 1079296K
  class space    used 5975K, capacity 6072K, committed 6144K, reserved 1048576K
}
Event: 6.115 GC heap after
{Heap after GC invocations=6 (full 0):
 garbage-first heap   total 262144K, used 25157K [0x0000000701000000, 0x0000000800000000)
  region size 1024K, 8 young (8192K), 8 survivors (8192K)
 Metaspace       used 35158K, capacity 35449K, committed 35708K, reserved 1079296K
  class space    used 5975K, capacity 6072K, committed 6144K, reserved 1048576K
}
Event: 7.635 GC heap before
{Heap before GC invocations=7 (full 0):
 garbage-first heap   total 262144K, used 172613K [0x0000000701000000, 0x0000000800000000)
  region size 1024K, 153 young (156672K), 8 survivors (8192K)
 Metaspace       used 56309K, capacity 56657K, committed 56700K, reserved 1097728K
  class space    used 8572K, capacity 8680K, committed 8704K, reserved 1048576K
}
Event: 7.653 GC heap after
{Heap after GC invocations=8 (full 0):
 garbage-first heap   total 262144K, used 35530K [0x0000000701000000, 0x0000000800000000)
  region size 1024K, 20 young (20480K), 20 survivors (20480K)
 Metaspace       used 56309K, capacity 56657K, committed 56700K, reserved 1097728K
  class space    used 8572K, capacity 8680K, committed 8704K, reserved 1048576K
}
Event: 132.234 GC heap before
{Heap before GC invocations=8 (full 0):
 garbage-first heap   total 262144K, used 108234K [0x0000000701000000, 0x0000000800000000)
  region size 1024K, 93 young (95232K), 20 survivors (20480K)
 Metaspace       used 59023K, capacity 59796K, committed 59940K, reserved 1099776K
  class space    used 8956K, capacity 9216K, committed 9216K, reserved 1048576K
}
Event: 132.255 GC heap after
{Heap after GC invocations=9 (full 0):
 garbage-first heap   total 262144K, used 35704K [0x0000000701000000, 0x0000000800000000)
  region size 1024K, 4 young (4096K), 4 survivors (4096K)
 Metaspace       used 59023K, capacity 59796K, committed 59940K, reserved 1099776K
  class space    used 8956K, capacity 9216K, committed 9216K, reserved 1048576K
}
Event: 720.190 GC heap before
{Heap before GC invocations=10 (full 0):
 garbage-first heap   total 262144K, used 166776K [0x0000000701000000, 0x0000000800000000)
  region size 1024K, 132 young (135168K), 4 survivors (4096K)
 Metaspace       used 64833K, capacity 68368K, committed 68644K, reserved 1105920K
  class space    used 10368K, capacity 11485K, committed 11520K, reserved 1048576K
}
Event: 720.203 GC heap after
{Heap after GC invocations=11 (full 0):
 garbage-first heap   total 262144K, used 36558K [0x0000000701000000, 0x0000000800000000)
  region size 1024K, 5 young (5120K), 5 survivors (5120K)
 Metaspace       used 64833K, capacity 68368K, committed 68644K, reserved 1105920K
  class space    used 10368K, capacity 11485K, committed 11520K, reserved 1048576K
}
Event: 744.539 GC heap before
{Heap before GC invocations=11 (full 0):
 garbage-first heap   total 262144K, used 174798K [0x0000000701000000, 0x0000000800000000)
  region size 1024K, 140 young (143360K), 5 survivors (5120K)
 Metaspace       used 69042K, capacity 74823K, committed 74916K, reserved 1112064K
  class space    used 11592K, capacity 13437K, committed 13440K, reserved 1048576K
}
Event: 744.553 GC heap after
{Heap after GC invocations=12 (full 0):
 garbage-first heap   total 262144K, used 36654K [0x0000000701000000, 0x0000000800000000)
  region size 1024K, 5 young (5120K), 5 survivors (5120K)
 Metaspace       used 69042K, capacity 74823K, committed 74916K, reserved 1112064K
  class space    used 11592K, capacity 13437K, committed 13440K, reserved 1048576K
}

